<?xml version="1.0" encoding="UTF-8" ?>
<testsuite tests="1" failures="0" name="id.co.bni.ayopopcallback.AppTest" time="0.019" errors="0" skipped="0">
  <properties>
    <property name="java.runtime.name" value="OpenJDK Runtime Environment"/>
    <property name="java.vm.version" value="11.0.9+10-jvmci-20.3-b06"/>
    <property name="sun.boot.library.path" value="D:\sdkman\candidates\java\current\bin"/>
    <property name="maven.multiModuleProjectDirectory" value="D:/workspace/vesa2/bni-digivouch/bni-digivouch/source/ayopop-callback-handler/ayopop-callback"/>
    <property name="java.vm.vendor" value="GraalVM Community"/>
    <property name="java.vendor.url" value="https://www.graalvm.org/"/>
    <property name="guice.disable.misplaced.annotation.check" value="true"/>
    <property name="path.separator" value=";"/>
    <property name="java.vm.name" value="OpenJDK 64-Bit Server VM"/>
    <property name="sun.os.patch.level" value=""/>
    <property name="user.script" value=""/>
    <property name="user.country" value="ID"/>
    <property name="sun.java.launcher" value="SUN_STANDARD"/>
    <property name="java.vm.specification.name" value="Java Virtual Machine Specification"/>
    <property name="user.dir" value="D:\workspace\vesa2\bni-digivouch\bni-digivouch\source\ayopop-callback-handler\ayopop-callback"/>
    <property name="java.vm.compressedOopsMode" value="32-bit"/>
    <property name="java.runtime.version" value="11.0.9+10-jvmci-20.3-b06"/>
    <property name="java.awt.graphicsenv" value="sun.awt.Win32GraphicsEnvironment"/>
    <property name="os.arch" value="amd64"/>
    <property name="java.io.tmpdir" value="C:\Users\basuki\AppData\Local\Temp\"/>
    <property name="line.separator" value="
"/>
    <property name="java.vm.specification.vendor" value="Oracle Corporation"/>
    <property name="user.variant" value=""/>
    <property name="jdk.internal.vm.ci.enabled" value="true"/>
    <property name="os.name" value="Windows 10"/>
    <property name="classworlds.conf" value="D:/sdkman/candidates/maven/current/bin/m2.conf"/>
    <property name="sun.jnu.encoding" value="Cp1252"/>
    <property name="java.library.path" value="D:\sdkman\candidates\java\current\bin;C:\WINDOWS\Sun\Java\bin;C:\WINDOWS\system32;C:\WINDOWS;D:\sdkman\candidates\maven\current\bin;D:\sdkman\candidates\java\current\bin;D:\sdkman\candidates\cxf\current\bin;D:\sdkman\candidates\ant\current\bin;C:\Users\basuki\bin;D:\Program Files\Git\mingw64\bin;D:\Program Files\Git\usr\local\bin;D:\Program Files\Git\usr\bin;D:\Program Files\Git\usr\bin;D:\Program Files\Git\mingw64\bin;D:\Program Files\Git\usr\bin;C:\Users\basuki\bin;C:\tools\cmdermini\vendor\conemu-maximus5\ConEmu\Scripts;C:\tools\cmdermini\vendor\conemu-maximus5;C:\tools\cmdermini\vendor\conemu-maximus5\ConEmu;C:\WINDOWS\system32;C:\WINDOWS;C:\WINDOWS\System32\Wbem;C:\WINDOWS\System32\WindowsPowerShell\v1.0;C:\WINDOWS\System32\OpenSSH;C:\ProgramData\chocolatey\bin;D:\Program Files\Git\cmd;D:\Program Files\DBeaver\jre\bin;D:\Program Files\DBeaver\jre\bin\server;C:\Program Files\Microsoft VS Code\bin;C:\Go\bin;C:\Program Files\Amazon\AWSCLIV2;C:\Users\basuki\AppData\Local\Microsoft\WindowsApps;C:\tools\cmdermini;C:\Program Files (x86)\Nmap;C:\Users\basuki\AppData\Local\Programs\EmEditor;C:\Users\basuki\AppData\Local\Google\Cloud SDK\google-cloud-sdk\bin;C:\Users\basuki\go\bin;D:\Program Files\Git\usr\bin\vendor_perl;D:\Program Files\Git\usr\bin\core_perl;."/>
    <property name="maven.conf" value="D:/sdkman/candidates/maven/current/conf"/>
    <property name="jdk.debug" value="release"/>
    <property name="java.class.version" value="55.0"/>
    <property name="java.specification.name" value="Java Platform API Specification"/>
    <property name="sun.management.compiler" value="HotSpot 64-Bit Tiered Compilers"/>
    <property name="os.version" value="10.0"/>
    <property name="library.jansi.path" value="D:/sdkman/candidates/maven/current/lib/jansi-native"/>
    <property name="user.home" value="C:\Users\basuki"/>
    <property name="user.timezone" value="Asia/Bangkok"/>
    <property name="java.awt.printerjob" value="sun.awt.windows.WPrinterJob"/>
    <property name="file.encoding" value="Cp1252"/>
    <property name="java.specification.version" value="11"/>
    <property name="user.name" value="basuki"/>
    <property name="java.class.path" value="D:/sdkman/candidates/maven/current/boot/plexus-classworlds-2.6.0.jar"/>
    <property name="java.vm.specification.version" value="11"/>
    <property name="sun.arch.data.model" value="64"/>
    <property name="sun.java.command" value="org.codehaus.plexus.classworlds.launcher.Launcher package"/>
    <property name="java.home" value="D:\sdkman\candidates\java\current"/>
    <property name="user.language" value="en"/>
    <property name="java.specification.vendor" value="Oracle Corporation"/>
    <property name="awt.toolkit" value="sun.awt.windows.WToolkit"/>
    <property name="java.vm.info" value="mixed mode, sharing"/>
    <property name="java.version" value="11.0.9"/>
    <property name="java.vendor" value="GraalVM Community"/>
    <property name="sun.stderr.encoding" value="cp437"/>
    <property name="maven.home" value="D:\sdkman\candidates\maven\current"/>
    <property name="file.separator" value="\"/>
    <property name="java.version.date" value="2020-10-20"/>
    <property name="java.vendor.url.bug" value="https://github.com/oracle/graal/issues"/>
    <property name="sun.io.unicode.encoding" value="UnicodeLittle"/>
    <property name="sun.cpu.endian" value="little"/>
    <property name="java.vendor.version" value="GraalVM CE 20.3.0"/>
    <property name="sun.stdout.encoding" value="cp437"/>
    <property name="sun.desktop" value="windows"/>
    <property name="sun.cpu.isalist" value="amd64"/>
  </properties>
  <testcase classname="id.co.bni.ayopopcallback.AppTest" name="testApp" time="0.019"/>
</testsuite>